<?xml version="1.0" encoding="UTF-8"?>
<!-- Generated by org.testng.reporters.JUnitReportReporter -->
<testsuite hostname="abdulraheemPC" failures="0" tests="3" name="login.MyTestcases" time="10.471" errors="0" timestamp="2025-07-10T17:14:58 EET" skipped="0">
  <testcase classname="login.MyTestcases" name="SignUp" time="5.980"/>
  <testcase classname="login.MyTestcases" name="Logout" time="3.199"/>
  <testcase classname="login.MyTestcases" name="Login" time="1.292"/>
</testsuite> <!-- login.MyTestcases -->
